Using pre-set license
Built from '2022.3/staging' branch; Version is '2022.3.8f1 (b5eafc012955) revision 11922172'; Using compiler version '192829333'; Build Type 'Release'
OS: 'Windows 10  (10.0.19045) 64bit Core' Language: 'ko' Physical Memory: 16319 MB
BatchMode: 1, IsHumanControllingUs: 0, StartBugReporterOnCrash: 0, Is64bit: 1, IsPro: 1

COMMAND LINE ARGUMENTS:
D:\Unity Hub\2022.3.8f1\Editor\Unity.exe
-adb2
-batchMode
-noUpm
-name
AssetImportWorker0
-projectPath
D:/Unity Hub/Backup/Srpg
-logFile
Logs/AssetImportWorker0.log
-srvPort
12272
Successfully changed project path to: D:/Unity Hub/Backup/Srpg
D:/Unity Hub/Backup/Srpg
[UnityMemory] Configuration Parameters - Can be set up in boot.config
    "memorysetup-bucket-allocator-granularity=16"
    "memorysetup-bucket-allocator-bucket-count=8"
    "memorysetup-bucket-allocator-block-size=33554432"
    "memorysetup-bucket-allocator-block-count=8"
    "memorysetup-main-allocator-block-size=16777216"
    "memorysetup-thread-allocator-block-size=16777216"
    "memorysetup-gfx-main-allocator-block-size=16777216"
    "memorysetup-gfx-thread-allocator-block-size=16777216"
    "memorysetup-cache-allocator-block-size=4194304"
    "memorysetup-typetree-allocator-block-size=2097152"
    "memorysetup-profiler-bucket-allocator-granularity=16"
    "memorysetup-profiler-bucket-allocator-bucket-count=8"
    "memorysetup-profiler-bucket-allocator-block-size=33554432"
    "memorysetup-profiler-bucket-allocator-block-count=8"
    "memorysetup-profiler-allocator-block-size=16777216"
    "memorysetup-profiler-editor-allocator-block-size=1048576"
    "memorysetup-temp-allocator-size-main=16777216"
    "memorysetup-job-temp-allocator-block-size=2097152"
    "memorysetup-job-temp-allocator-block-size-background=1048576"
    "memorysetup-job-temp-allocator-reduction-small-platforms=262144"
    "memorysetup-allocator-temp-initial-block-size-main=262144"
    "memorysetup-allocator-temp-initial-block-size-worker=262144"
    "memorysetup-temp-allocator-size-background-worker=32768"
    "memorysetup-temp-allocator-size-job-worker=262144"
    "memorysetup-temp-allocator-size-preload-manager=33554432"
    "memorysetup-temp-allocator-size-nav-mesh-worker=65536"
    "memorysetup-temp-allocator-size-audio-worker=65536"
    "memorysetup-temp-allocator-size-cloud-worker=32768"
    "memorysetup-temp-allocator-size-gi-baking-worker=262144"
    "memorysetup-temp-allocator-size-gfx=262144"
Player connection [22124] Host "[IP] 192.168.219.116 [Port] 0 [Flags] 2 [Guid] 3241938496 [EditorId] 3241938496 [Version] 1048832 [Id] WindowsEditor(7,DESKTOP-1N7IFMH) [Debug] 1 [PackageName] WindowsEditor [ProjectName] Editor" joined multi-casting on [225.0.0.222:54997]...

Player connection [22124] Host "[IP] 192.168.219.116 [Port] 0 [Flags] 2 [Guid] 3241938496 [EditorId] 3241938496 [Version] 1048832 [Id] WindowsEditor(7,DESKTOP-1N7IFMH) [Debug] 1 [PackageName] WindowsEditor [ProjectName] Editor" joined alternative multi-casting on [225.0.0.222:34997]...

[Physics::Module] Initialized MultithreadedJobDispatcher with 5 workers.
Refreshing native plugins compatible for Editor in 12.16 ms, found 4 plugins.
Preloading 0 native plugins for Editor in 0.00 ms.
Initialize engine version: 2022.3.8f1 (b5eafc012955)
[Subsystems] Discovering subsystems at path D:/Unity Hub/2022.3.8f1/Editor/Data/Resources/UnitySubsystems
[Subsystems] Discovering subsystems at path D:/Unity Hub/Backup/Srpg/Assets
GfxDevice: creating device client; threaded=0; jobified=0
Direct3D:
    Version:  Direct3D 11.0 [level 11.1]
    Renderer: NVIDIA GeForce GTX 1660 (ID=0x2184)
    Vendor:   NVIDIA
    VRAM:     5980 MB
    Driver:   31.0.15.3623
Initialize mono
Mono path[0] = 'D:/Unity Hub/2022.3.8f1/Editor/Data/Managed'
Mono path[1] = 'D:/Unity Hub/2022.3.8f1/Editor/Data/MonoBleedingEdge/lib/mono/unityjit-win32'
Mono config path = 'D:/Unity Hub/2022.3.8f1/Editor/Data/MonoBleedingEdge/etc'
Using monoOptions --debugger-agent=transport=dt_socket,embedding=1,server=y,suspend=n,address=127.0.0.1:56680
Begin MonoManager ReloadAssembly
Registering precompiled unity dll's ...
Register platform support module: D:/Unity Hub/2022.3.8f1/Editor/Data/PlaybackEngines/WebGLSupport/UnityEditor.WebGL.Extensions.dll
Register platform support module: D:/Unity Hub/2022.3.8f1/Editor/Data/PlaybackEngines/AndroidPlayer/UnityEditor.Android.Extensions.dll
Register platform support module: D:/Unity Hub/2022.3.8f1/Editor/Data/PlaybackEngines/WindowsStandaloneSupport/UnityEditor.WindowsStandalone.Extensions.dll
Registered in 0.008161 seconds.
- Loaded All Assemblies, in  0.442 seconds
Native extension for WindowsStandalone target not found
Native extension for Android target not found
Android Extension - Scanning For ADB Devices 438 ms
Native extension for WebGL target not found
Mono: successfully reloaded assembly
- Finished resetting the current domain, in  0.767 seconds
Domain Reload Profiling: 1209ms
	BeginReloadAssembly (140ms)
		ExecutionOrderSort (0ms)
		DisableScriptedObjects (0ms)
		BackupInstance (0ms)
		ReleaseScriptingObjects (0ms)
		CreateAndSetChildDomain (1ms)
	RebuildCommonClasses (75ms)
	RebuildNativeTypeToScriptingClass (12ms)
	initialDomainReloadingComplete (56ms)
	LoadAllAssembliesAndSetupDomain (158ms)
		LoadAssemblies (141ms)
		RebuildTransferFunctionScriptingTraits (0ms)
		AnalyzeDomain (155ms)
			TypeCache.Refresh (153ms)
				TypeCache.ScanAssembly (139ms)
			ScanForSourceGeneratedMonoScriptInfo (0ms)
			ResolveRequiredComponents (0ms)
	FinalizeReload (768ms)
		ReleaseScriptCaches (0ms)
		RebuildScriptCaches (0ms)
		SetupLoadedEditorAssemblies (706ms)
			LogAssemblyErrors (0ms)
			InitializePlatformSupportModulesInManaged (544ms)
			SetLoadedEditorAssemblies (4ms)
			RefreshPlugins (0ms)
			BeforeProcessingInitializeOnLoad (2ms)
			ProcessInitializeOnLoadAttributes (97ms)
			ProcessInitializeOnLoadMethodAttributes (58ms)
			AfterProcessingInitializeOnLoad (0ms)
			EditorAssembliesLoaded (0ms)
		ExecutionOrderSort2 (0ms)
		AwakeInstancesAfterBackupRestoration (0ms)
========================================================================
Worker process is ready to serve import requests
Begin MonoManager ReloadAssembly
- Loaded All Assemblies, in  0.706 seconds
Refreshing native plugins compatible for Editor in 4.47 ms, found 4 plugins.
Native extension for WindowsStandalone target not found
Native extension for Android target not found
Native extension for WebGL target not found
Package Manager log level set to [2]
[Package Manager] Server::EnsureServerProcessIsRunning -- launch failed, reason: Unity was launched with the -noUpm command-line argument
[Package Manager] UpmClient::Send -- Unable to send message (not connected to UPM process).
[Package Manager] Cannot connect to Unity Package Manager local server
Mono: successfully reloaded assembly
- Finished resetting the current domain, in  0.812 seconds
Domain Reload Profiling: 1517ms
	BeginReloadAssembly (178ms)
		ExecutionOrderSort (0ms)
		DisableScriptedObjects (6ms)
		BackupInstance (0ms)
		ReleaseScriptingObjects (0ms)
		CreateAndSetChildDomain (27ms)
	RebuildCommonClasses (35ms)
	RebuildNativeTypeToScriptingClass (12ms)
	initialDomainReloadingComplete (38ms)
	LoadAllAssembliesAndSetupDomain (442ms)
		LoadAssemblies (363ms)
		RebuildTransferFunctionScriptingTraits (0ms)
		AnalyzeDomain (187ms)
			TypeCache.Refresh (158ms)
				TypeCache.ScanAssembly (140ms)
			ScanForSourceGeneratedMonoScriptInfo (22ms)
			ResolveRequiredComponents (6ms)
	FinalizeReload (812ms)
		ReleaseScriptCaches (0ms)
		RebuildScriptCaches (0ms)
		SetupLoadedEditorAssemblies (571ms)
			LogAssemblyErrors (0ms)
			InitializePlatformSupportModulesInManaged (27ms)
			SetLoadedEditorAssemblies (6ms)
			RefreshPlugins (0ms)
			BeforeProcessingInitializeOnLoad (113ms)
			ProcessInitializeOnLoadAttributes (386ms)
			ProcessInitializeOnLoadMethodAttributes (37ms)
			AfterProcessingInitializeOnLoad (3ms)
			EditorAssembliesLoaded (0ms)
		ExecutionOrderSort2 (0ms)
		AwakeInstancesAfterBackupRestoration (20ms)
Launched and connected shader compiler UnityShaderCompiler.exe after 0.08 seconds
Refreshing native plugins compatible for Editor in 4.42 ms, found 4 plugins.
Preloading 0 native plugins for Editor in 0.00 ms.
Unloading 4119 Unused Serialized files (Serialized files now loaded: 0)
Unloading 67 unused Assets / (171.6 KB). Loaded Objects now: 4592.
Memory consumption went from 152.8 MB to 152.6 MB.
Total: 3.409800 ms (FindLiveObjects: 0.286900 ms CreateObjectMapping: 0.256300 ms MarkObjects: 2.698500 ms  DeleteObjects: 0.167500 ms)

AssetImportParameters requested are different than current active one (requested -> active):
  custom:container-demuxer-ogg: 62fdf1f143b41e24485cea50d1cbac27 -> 
  custom:video-decoder-ogg-theora: a1e56fd34408186e4bbccfd4996cb3dc -> 
  custom:framework-win-MediaFoundation: 216162199b28c13a410421893ffa2e32 -> 
  custom:CustomObjectIndexerAttribute: 756ad292c208cfabdd7b50bc23989ffe -> 
  custom:container-demuxer-webm: 4f35f7cbe854078d1ac9338744f61a02 -> 
  custom:container-muxer-webm: aa71ff27fc2769a1b78a27578f13a17b -> 
  custom:video-decoder-webm-vp8: 9c59270c3fd7afecdb556c50c9e8de78 -> 
  custom:SearchIndexIgnoredProperties: e643bd26f0fe6173181afceb89e7c659 -> 
  custom:AudioImporter_EditorPlatform: d09bf68614088b80899f8185d706f6e7 -> 
  custom:video-encoder-webm-vp8: eb34c28f22e8b96e1ab97ce403110664 -> 
  custom:audio-decoder-ogg-vorbis: bf7c407c2cedff20999df2af8eb42d56 -> 
  custom:audio-encoder-webm-vorbis: bf7c407c2cedff20999df2af8eb42d56 -> 
========================================================================
Received Import Request.
  Time since last request: 1665912.664216 seconds.
  path: Assets/Resources/Prefabs/Character/kikuchi_makoto.prefab
  artifactKey: Guid(cd6268017a52df0468ec440d498618f4) Importer(815301076,1909f56bfc062723c751e8b465ee728b)
Start importing Assets/Resources/Prefabs/Character/kikuchi_makoto.prefab using Guid(cd6268017a52df0468ec440d498618f4) Importer(815301076,1909f56bfc062723c751e8b465ee728b)  -> (artifact id: '2993bb347a2e03df5c4d4b76e92c07ea') in 0.102196 seconds
Number of updated asset objects reloaded before import = 0
Number of asset objects unloaded after import = 31
========================================================================
Received Import Request.
  Time since last request: 0.308193 seconds.
  path: Assets/Scenes/Map6.unity
  artifactKey: Guid(27f356702ffc9db498ad8ef88d17ff1e) Importer(815301076,1909f56bfc062723c751e8b465ee728b)
Start importing Assets/Scenes/Map6.unity using Guid(27f356702ffc9db498ad8ef88d17ff1e) Importer(815301076,1909f56bfc062723c751e8b465ee728b)  -> (artifact id: '811639c165072e9eefb349d10be032c2') in 0.000432 seconds
Number of updated asset objects reloaded before import = 0
Number of asset objects unloaded after import = 0
========================================================================
Received Import Request.
  Time since last request: 0.671501 seconds.
  path: Assets/Resources/Prefabs/Character/shijo_takane.prefab
  artifactKey: Guid(bd2d6b4d859df234ead41245abff103c) Importer(815301076,1909f56bfc062723c751e8b465ee728b)
Start importing Assets/Resources/Prefabs/Character/shijo_takane.prefab using Guid(bd2d6b4d859df234ead41245abff103c) Importer(815301076,1909f56bfc062723c751e8b465ee728b)  -> (artifact id: '90fd89087489a78c62765e83cf030246') in 0.009128 seconds
Number of updated asset objects reloaded before import = 0
Number of asset objects unloaded after import = 31
========================================================================
Received Import Request.
  Time since last request: 0.136373 seconds.
  path: Assets/Resources/Prefabs/UI/Popup/UI_GetCharacter.prefab
  artifactKey: Guid(0be6532ed7fbb51428f9964c67a3e95a) Importer(815301076,1909f56bfc062723c751e8b465ee728b)
Start importing Assets/Resources/Prefabs/UI/Popup/UI_GetCharacter.prefab using Guid(0be6532ed7fbb51428f9964c67a3e95a) Importer(815301076,1909f56bfc062723c751e8b465ee728b)  -> (artifact id: 'ab2916d893d92d3541771ec81a174a96') in 0.017326 seconds
Number of updated asset objects reloaded before import = 0
Number of asset objects unloaded after import = 58
========================================================================
Received Import Request.
  Time since last request: 0.384510 seconds.
  path: Assets/Resources/Prefabs/UI/Scene/UI_Lobby.prefab
  artifactKey: Guid(361f8c1aefe127f42b28157103b39502) Importer(815301076,1909f56bfc062723c751e8b465ee728b)
Start importing Assets/Resources/Prefabs/UI/Scene/UI_Lobby.prefab using Guid(361f8c1aefe127f42b28157103b39502) Importer(815301076,1909f56bfc062723c751e8b465ee728b)  -> (artifact id: 'e2ec44d19641130da413732b19559904') in 0.007376 seconds
Number of updated asset objects reloaded before import = 0
Number of asset objects unloaded after import = 105
========================================================================
Received Import Request.
  Time since last request: 0.419446 seconds.
  path: Assets/Scripts/Scenes/Battle/Skill/Skill.cs
  artifactKey: Guid(b6abf72dae7d07b4b89ff858f3a27dc3) Importer(815301076,1909f56bfc062723c751e8b465ee728b)
Start importing Assets/Scripts/Scenes/Battle/Skill/Skill.cs using Guid(b6abf72dae7d07b4b89ff858f3a27dc3) Importer(815301076,1909f56bfc062723c751e8b465ee728b)  -> (artifact id: '8aaddf75c2d20273b177415f51910f85') in 0.000375 seconds
Number of updated asset objects reloaded before import = 0
Number of asset objects unloaded after import = 0
========================================================================
Received Import Request.
  Time since last request: 0.398709 seconds.
  path: Assets/Resources/Prefabs/Character/takatsuki_yayoi.prefab
  artifactKey: Guid(c553e2de3830b3445971964a8d6841a8) Importer(815301076,1909f56bfc062723c751e8b465ee728b)
Start importing Assets/Resources/Prefabs/Character/takatsuki_yayoi.prefab using Guid(c553e2de3830b3445971964a8d6841a8) Importer(815301076,1909f56bfc062723c751e8b465ee728b)  -> (artifact id: '663828df283245e7f3bf35bb912f9a18') in 0.019052 seconds
Number of updated asset objects reloaded before import = 0
Number of asset objects unloaded after import = 31
========================================================================
Received Import Request.
  Time since last request: 0.858215 seconds.
  path: Assets/Resources/Prefabs/Character/kisaragi_chihaya.prefab
  artifactKey: Guid(a922417bcf0e6e84d80a2c101aa3d716) Importer(815301076,1909f56bfc062723c751e8b465ee728b)
Start importing Assets/Resources/Prefabs/Character/kisaragi_chihaya.prefab using Guid(a922417bcf0e6e84d80a2c101aa3d716) Importer(815301076,1909f56bfc062723c751e8b465ee728b)  -> (artifact id: '73ea7ba381a6e16fd33c62d8c2ae0cc1') in 0.021907 seconds
Number of updated asset objects reloaded before import = 0
Number of asset objects unloaded after import = 31
========================================================================
Received Import Request.
  Time since last request: 0.028732 seconds.
  path: Assets/Resources/Prefabs/Character/miura_azusa.prefab
  artifactKey: Guid(533b18a39898b9b49b6d784b258c4926) Importer(815301076,1909f56bfc062723c751e8b465ee728b)
Start importing Assets/Resources/Prefabs/Character/miura_azusa.prefab using Guid(533b18a39898b9b49b6d784b258c4926) Importer(815301076,1909f56bfc062723c751e8b465ee728b)  -> (artifact id: '15f517c7f54db68f4dd2bf976c91417f') in 0.024403 seconds
Number of updated asset objects reloaded before import = 0
Number of asset objects unloaded after import = 31
========================================================================
Received Import Request.
  Time since last request: 0.273862 seconds.
  path: Assets/Resources/Prefabs/Enemy/Wolfman.prefab
  artifactKey: Guid(b4c42ba2d38f05d428ec7e55079b190e) Importer(815301076,1909f56bfc062723c751e8b465ee728b)
Start importing Assets/Resources/Prefabs/Enemy/Wolfman.prefab using Guid(b4c42ba2d38f05d428ec7e55079b190e) Importer(815301076,1909f56bfc062723c751e8b465ee728b)  -> (artifact id: '16dd4c0a5b6ab9b8511f03ccd5ef77f2') in 0.008774 seconds
Number of updated asset objects reloaded before import = 0
Number of asset objects unloaded after import = 31
========================================================================
Received Import Request.
  Time since last request: 0.199956 seconds.
  path: Assets/Resources/Prefabs/Character/futami_mami.prefab
  artifactKey: Guid(4a754d452ad702d46a440b0ad5c8dac3) Importer(815301076,1909f56bfc062723c751e8b465ee728b)
Start importing Assets/Resources/Prefabs/Character/futami_mami.prefab using Guid(4a754d452ad702d46a440b0ad5c8dac3) Importer(815301076,1909f56bfc062723c751e8b465ee728b)  -> (artifact id: '305ba6ee0b784d57ddfe88b14f104df9') in 0.010086 seconds
Number of updated asset objects reloaded before import = 0
Number of asset objects unloaded after import = 31
========================================================================
Received Import Request.
  Time since last request: 0.021230 seconds.
  path: Assets/Scripts/Scenes/Battle/Player.cs
  artifactKey: Guid(1f2a51761f9b6e34ca7ad17a944504f9) Importer(815301076,1909f56bfc062723c751e8b465ee728b)
Start importing Assets/Scripts/Scenes/Battle/Player.cs using Guid(1f2a51761f9b6e34ca7ad17a944504f9) Importer(815301076,1909f56bfc062723c751e8b465ee728b)  -> (artifact id: 'db0d40fd63ae89c93ba5e235aa15f3fb') in 0.000518 seconds
Number of updated asset objects reloaded before import = 0
Number of asset objects unloaded after import = 0
========================================================================
Received Import Request.
  Time since last request: 0.155264 seconds.
  path: Assets/Resources/Prefabs/UI/Popup/UI_Battle.prefab
  artifactKey: Guid(fa6f6a4b8922e0c4e919ecace07422c4) Importer(815301076,1909f56bfc062723c751e8b465ee728b)
Start importing Assets/Resources/Prefabs/UI/Popup/UI_Battle.prefab using Guid(fa6f6a4b8922e0c4e919ecace07422c4) Importer(815301076,1909f56bfc062723c751e8b465ee728b)  -> (artifact id: '00fd8a446b56aa05cf11ef8c03b671b1') in 0.015303 seconds
Number of updated asset objects reloaded before import = 0
Number of asset objects unloaded after import = 125
========================================================================
Received Import Request.
  Time since last request: 0.321272 seconds.
  path: Assets/Scripts/Scenes/Battle/Skill/Heal.cs
  artifactKey: Guid(f2ab99579700ab745a3af43eb5019a09) Importer(815301076,1909f56bfc062723c751e8b465ee728b)
Start importing Assets/Scripts/Scenes/Battle/Skill/Heal.cs using Guid(f2ab99579700ab745a3af43eb5019a09) Importer(815301076,1909f56bfc062723c751e8b465ee728b)  -> (artifact id: 'dbed631e6487d5d5f90626e52e0f90bb') in 0.000377 seconds
Number of updated asset objects reloaded before import = 0
Number of asset objects unloaded after import = 0
========================================================================
Received Import Request.
  Time since last request: 0.238954 seconds.
  path: Assets/Scenes/Map5.unity
  artifactKey: Guid(4a021b0f917873f439b7a114c6ccc1ce) Importer(815301076,1909f56bfc062723c751e8b465ee728b)
Start importing Assets/Scenes/Map5.unity using Guid(4a021b0f917873f439b7a114c6ccc1ce) Importer(815301076,1909f56bfc062723c751e8b465ee728b)  -> (artifact id: 'b0a107997d211d30ab4c7e8af80a22a5') in 0.000380 seconds
Number of updated asset objects reloaded before import = 0
Number of asset objects unloaded after import = 0
========================================================================
Received Import Request.
  Time since last request: 0.555988 seconds.
  path: Assets/Resources/Prefabs/Character/hoshii_miki.prefab
  artifactKey: Guid(92cc6888c29a73a4d8892902d90f0b63) Importer(815301076,1909f56bfc062723c751e8b465ee728b)
Start importing Assets/Resources/Prefabs/Character/hoshii_miki.prefab using Guid(92cc6888c29a73a4d8892902d90f0b63) Importer(815301076,1909f56bfc062723c751e8b465ee728b)  -> (artifact id: 'b48de2e8aab8d00af34aed8412c282f9') in 0.026852 seconds
Number of updated asset objects reloaded before import = 0
Number of asset objects unloaded after import = 31
========================================================================
Received Import Request.
  Time since last request: 0.328596 seconds.
  path: Assets/Resources/Prefabs/Character/ganaha_hibiki.prefab
  artifactKey: Guid(de39ad01ca8ae4141bbd507341783898) Importer(815301076,1909f56bfc062723c751e8b465ee728b)
Start importing Assets/Resources/Prefabs/Character/ganaha_hibiki.prefab using Guid(de39ad01ca8ae4141bbd507341783898) Importer(815301076,1909f56bfc062723c751e8b465ee728b)  -> (artifact id: '87f54d920cf793933847d6acc4f6b265') in 0.021442 seconds
Number of updated asset objects reloaded before import = 0
Number of asset objects unloaded after import = 31
========================================================================
Received Import Request.
  Time since last request: 0.627809 seconds.
  path: Assets/Scripts/Scenes/Loading/LoadingScene.cs
  artifactKey: Guid(2a238be3b1a92c8469064e9097221c75) Importer(815301076,1909f56bfc062723c751e8b465ee728b)
Start importing Assets/Scripts/Scenes/Loading/LoadingScene.cs using Guid(2a238be3b1a92c8469064e9097221c75) Importer(815301076,1909f56bfc062723c751e8b465ee728b)  -> (artifact id: 'fc4bb4772769a0a43272bf58f535d790') in 0.001374 seconds
Number of updated asset objects reloaded before import = 0
Number of asset objects unloaded after import = 0
========================================================================
Received Import Request.
  Time since last request: 0.169845 seconds.
  path: Assets/Resources/Prefabs/Character/futami_ami.prefab
  artifactKey: Guid(d3de7f63e5ff9814baef6a623a725fe8) Importer(815301076,1909f56bfc062723c751e8b465ee728b)
Start importing Assets/Resources/Prefabs/Character/futami_ami.prefab using Guid(d3de7f63e5ff9814baef6a623a725fe8) Importer(815301076,1909f56bfc062723c751e8b465ee728b)  -> (artifact id: 'fa36cf8b2d910200c55d446f188f077a') in 0.022172 seconds
Number of updated asset objects reloaded before import = 0
Number of asset objects unloaded after import = 31
========================================================================
Received Import Request.
  Time since last request: 0.070535 seconds.
  path: Assets/Resources/Prefabs/Character/hagiwara_yukiho.prefab
  artifactKey: Guid(9ec71bbbfc08b04478c8eef51e83ed43) Importer(815301076,1909f56bfc062723c751e8b465ee728b)
Start importing Assets/Resources/Prefabs/Character/hagiwara_yukiho.prefab using Guid(9ec71bbbfc08b04478c8eef51e83ed43) Importer(815301076,1909f56bfc062723c751e8b465ee728b)  -> (artifact id: '38e09d4f650bc5354f3341001111614b') in 0.009331 seconds
Number of updated asset objects reloaded before import = 0
Number of asset objects unloaded after import = 31
========================================================================
Received Import Request.
  Time since last request: 0.139396 seconds.
  path: Assets/Scripts/Scenes/Battle/Skill/Boom.cs
  artifactKey: Guid(8b1f190f34dee8045b6ee250fc57be19) Importer(815301076,1909f56bfc062723c751e8b465ee728b)
Start importing Assets/Scripts/Scenes/Battle/Skill/Boom.cs using Guid(8b1f190f34dee8045b6ee250fc57be19) Importer(815301076,1909f56bfc062723c751e8b465ee728b)  -> (artifact id: '584843ccb450dfeeddcb70b512f03004') in 0.000446 seconds
Number of updated asset objects reloaded before import = 0
Number of asset objects unloaded after import = 0
========================================================================
Received Import Request.
  Time since last request: 0.484383 seconds.
  path: Assets/Resources/Prefabs/Character/minase_iori.prefab
  artifactKey: Guid(cffe5e2bb748e7b4a9ee36e6c0c7b861) Importer(815301076,1909f56bfc062723c751e8b465ee728b)
Start importing Assets/Resources/Prefabs/Character/minase_iori.prefab using Guid(cffe5e2bb748e7b4a9ee36e6c0c7b861) Importer(815301076,1909f56bfc062723c751e8b465ee728b)  -> (artifact id: '1832f82106ccd58699f9906548fac2e5') in 0.008884 seconds
Number of updated asset objects reloaded before import = 0
Number of asset objects unloaded after import = 31
========================================================================
Received Import Request.
  Time since last request: 1.938542 seconds.
  path: Assets/Scripts/Scenes/Base/Character.cs
  artifactKey: Guid(eba8552986f041d4d84ac1f69b71f919) Importer(815301076,1909f56bfc062723c751e8b465ee728b)
Start importing Assets/Scripts/Scenes/Base/Character.cs using Guid(eba8552986f041d4d84ac1f69b71f919) Importer(815301076,1909f56bfc062723c751e8b465ee728b)  -> (artifact id: 'b9a4c7e3be0019a0d524e38a18080ec8') in 0.000470 seconds
Number of updated asset objects reloaded before import = 0
Number of asset objects unloaded after import = 0
========================================================================
Received Import Request.
  Time since last request: 0.071159 seconds.
  path: Assets/Scripts/Scenes/Battle/Enemy.cs
  artifactKey: Guid(9c6bc5eada63173419b2063d91dcc3f5) Importer(815301076,1909f56bfc062723c751e8b465ee728b)
Start importing Assets/Scripts/Scenes/Battle/Enemy.cs using Guid(9c6bc5eada63173419b2063d91dcc3f5) Importer(815301076,1909f56bfc062723c751e8b465ee728b)  -> (artifact id: '498d0712d1893eddd845c8baac1b85bc') in 0.000364 seconds
Number of updated asset objects reloaded before import = 0
Number of asset objects unloaded after import = 0
